<?xml version="1.0" encoding="UTF-8"?>
<testng-results ignored="0" total="0" passed="0" failed="0" skipped="0">
  <reporter-output>
  </reporter-output>
  <suite started-at="2023-06-09T00:42:13 EDT" name="base.BaseTest" finished-at="2023-06-09T00:42:15 EDT" duration-ms="2672">
    <groups>
    </groups>
    <test started-at="2023-06-09T00:42:13 EDT" name="Command line test" finished-at="2023-06-09T00:42:15 EDT" duration-ms="2672">
      <class name="base.BaseTest">
        <test-method is-config="true" signature="setUp()[pri:0, instance:base.BaseTest@ba2f4ec]" started-at="2023-06-09T00:42:13 EDT" name="setUp" finished-at="2023-06-09T00:42:15 EDT" duration-ms="2607" status="PASS">
          <reporter-output>
          </reporter-output>
        </test-method> <!-- setUp -->
        <test-method is-config="true" signature="tearDown()[pri:0, instance:base.BaseTest@ba2f4ec]" started-at="2023-06-09T00:42:15 EDT" name="tearDown" finished-at="2023-06-09T00:42:15 EDT" duration-ms="56" status="PASS">
          <reporter-output>
          </reporter-output>
        </test-method> <!-- tearDown -->
      </class> <!-- base.BaseTest -->
    </test> <!-- Command line test -->
  </suite> <!-- base.BaseTest -->
</testng-results>
