<?xml version="1.0" encoding="UTF-8"?>
<testng-results ignored="0" total="1" passed="1" failed="0" skipped="0">
  <reporter-output>
  </reporter-output>
  <suite started-at="2023-06-09T02:47:19 EDT" name="Default suite" finished-at="2023-06-09T02:47:26 EDT" duration-ms="6573">
    <groups>
    </groups>
    <test started-at="2023-06-09T02:47:19 EDT" name="Default test" finished-at="2023-06-09T02:47:26 EDT" duration-ms="6573">
      <class name="testcases.AddItemToCart">
        <test-method is-config="true" signature="setUp()[pri:0, instance:testcases.AddItemToCart@4c37b5b]" started-at="2023-06-09T02:47:19 EDT" name="setUp" finished-at="2023-06-09T02:47:24 EDT" duration-ms="4869" status="PASS">
          <reporter-output>
          </reporter-output>
        </test-method> <!-- setUp -->
        <test-method signature="addToCart()[pri:0, instance:testcases.AddItemToCart@4c37b5b]" started-at="2023-06-09T02:47:24 EDT" name="addToCart" finished-at="2023-06-09T02:47:26 EDT" duration-ms="1576" status="PASS">
          <reporter-output>
          </reporter-output>
        </test-method> <!-- addToCart -->
        <test-method is-config="true" signature="tearDown()[pri:0, instance:testcases.AddItemToCart@4c37b5b]" started-at="2023-06-09T02:47:26 EDT" name="tearDown" finished-at="2023-06-09T02:47:26 EDT" duration-ms="108" status="PASS">
          <reporter-output>
          </reporter-output>
        </test-method> <!-- tearDown -->
      </class> <!-- testcases.AddItemToCart -->
    </test> <!-- Default test -->
  </suite> <!-- Default suite -->
</testng-results>
